<?xml version="1.0" encoding="UTF-8"?>
<!-- Generated by org.testng.reporters.JUnitXMLReporter -->
<testsuite ignored="0" hostname="PF1KYF2E" failures="4" tests="15" name="Surefire test" time="115.976" errors="0" timestamp="2022-12-16T09:15:34 CET">
  <testcase classname="heroku.api.ApiPlayerFirstNameTest" name="APIGivesCorrectDataFirstNamePlayer" time="8.173"/>
  <testcase classname="heroku.api.ApiPlayerLastNameTest" name="APIGivesCorrectDataLastNamePlayer" time="4.908"/>
  <testcase classname="heroku.api.ApiPlayerPositionTest" name="getPlayerPosition" time="4.391"/>
  <testcase classname="heroku.checkbox.SpelerslijstTest" name="checkAanvallersTest" time="1.128">
    <failure type="java.lang.IllegalArgumentException" message="Locator must be set">
      <![CDATA[java.lang.IllegalArgumentException: Locator must be set
at org.openqa.selenium.internal.Require.nonNull(Require.java:59)
at org.openqa.selenium.remote.RemoteWebDriver.findElement(RemoteWebDriver.java:355)
at org.openqa.selenium.support.ui.ExpectedConditions$7.apply(ExpectedConditions.java:197)
at org.openqa.selenium.support.ui.ExpectedConditions$7.apply(ExpectedConditions.java:193)
at org.openqa.selenium.support.ui.ExpectedConditions$22.apply(ExpectedConditions.java:631)
at org.openqa.selenium.support.ui.ExpectedConditions$22.apply(ExpectedConditions.java:628)
at org.openqa.selenium.support.ui.FluentWait.until(FluentWait.java:208)
at heroku.web.pageObjects.SpelersPage.ClickAanvallerCheckBox(SpelersPage.java:34)
at heroku.checkbox.SpelerslijstTest.checkAanvallersTest(SpelerslijstTest.java:13)
at java.base/java.util.ArrayList.forEach(ArrayList.java:1511)
... Removed 30 stack frames]]>
    </failure>
  </testcase> <!-- checkAanvallersTest -->
  <testcase classname="heroku.checkbox.SpelerslijstTest" name="checkKeepersTest" time="1.229">
    <failure type="java.lang.IllegalArgumentException" message="Locator must be set">
      <![CDATA[java.lang.IllegalArgumentException: Locator must be set
at org.openqa.selenium.internal.Require.nonNull(Require.java:59)
at org.openqa.selenium.remote.RemoteWebDriver.findElement(RemoteWebDriver.java:355)
at org.openqa.selenium.support.ui.ExpectedConditions$7.apply(ExpectedConditions.java:197)
at org.openqa.selenium.support.ui.ExpectedConditions$7.apply(ExpectedConditions.java:193)
at org.openqa.selenium.support.ui.ExpectedConditions$22.apply(ExpectedConditions.java:631)
at org.openqa.selenium.support.ui.ExpectedConditions$22.apply(ExpectedConditions.java:628)
at org.openqa.selenium.support.ui.FluentWait.until(FluentWait.java:208)
at heroku.web.pageObjects.SpelersPage.ClickKeeperCheckBox(SpelersPage.java:61)
at heroku.checkbox.SpelerslijstTest.checkKeepersTest(SpelerslijstTest.java:31)
at java.base/java.util.ArrayList.forEach(ArrayList.java:1511)
... Removed 30 stack frames]]>
    </failure>
  </testcase> <!-- checkKeepersTest -->
  <testcase classname="heroku.checkbox.SpelerslijstTest" name="checkMiddenveldersTest" time="1.702">
    <failure type="java.lang.IllegalArgumentException" message="Locator must be set">
      <![CDATA[java.lang.IllegalArgumentException: Locator must be set
at org.openqa.selenium.internal.Require.nonNull(Require.java:59)
at org.openqa.selenium.remote.RemoteWebDriver.findElement(RemoteWebDriver.java:355)
at org.openqa.selenium.support.ui.ExpectedConditions$7.apply(ExpectedConditions.java:197)
at org.openqa.selenium.support.ui.ExpectedConditions$7.apply(ExpectedConditions.java:193)
at org.openqa.selenium.support.ui.ExpectedConditions$22.apply(ExpectedConditions.java:631)
at org.openqa.selenium.support.ui.ExpectedConditions$22.apply(ExpectedConditions.java:628)
at org.openqa.selenium.support.ui.FluentWait.until(FluentWait.java:208)
at heroku.web.pageObjects.SpelersPage.ClickMiddenvelderCheckBox(SpelersPage.java:43)
at heroku.checkbox.SpelerslijstTest.checkMiddenveldersTest(SpelerslijstTest.java:19)
at java.base/java.util.ArrayList.forEach(ArrayList.java:1511)
... Removed 30 stack frames]]>
    </failure>
  </testcase> <!-- checkMiddenveldersTest -->
  <testcase classname="heroku.checkbox.SpelerslijstTest" name="checkVerdedigersTest" time="1.28">
    <failure type="java.lang.IllegalArgumentException" message="Locator must be set">
      <![CDATA[java.lang.IllegalArgumentException: Locator must be set
at org.openqa.selenium.internal.Require.nonNull(Require.java:59)
at org.openqa.selenium.remote.RemoteWebDriver.findElement(RemoteWebDriver.java:355)
at org.openqa.selenium.support.ui.ExpectedConditions$7.apply(ExpectedConditions.java:197)
at org.openqa.selenium.support.ui.ExpectedConditions$7.apply(ExpectedConditions.java:193)
at org.openqa.selenium.support.ui.ExpectedConditions$22.apply(ExpectedConditions.java:631)
at org.openqa.selenium.support.ui.ExpectedConditions$22.apply(ExpectedConditions.java:628)
at org.openqa.selenium.support.ui.FluentWait.until(FluentWait.java:208)
at heroku.web.pageObjects.SpelersPage.ClickVerdedigerCheckBox(SpelersPage.java:52)
at heroku.checkbox.SpelerslijstTest.checkVerdedigersTest(SpelerslijstTest.java:25)
at java.base/java.util.ArrayList.forEach(ArrayList.java:1511)
... Removed 30 stack frames]]>
    </failure>
  </testcase> <!-- checkVerdedigersTest -->
  <testcase classname="heroku.checkbox.SpelerslijstTest" name="nothingCheckedReturnsAllPlayersTest" time="1.049"/>
  <testcase classname="heroku.system.navigate.NavigateTests" name="navFromHomeToRegisterPageTest" time="1.046"/>
  <testcase classname="heroku.system.navigate.NavigateTests" name="navFromHomeToSpelersPageTest" time="0.432"/>
  <testcase classname="heroku.system.navigate.NavigateTests" name="navFromHomeToSpelersPageToDetailPageSpelerTest" time="5.24"/>
  <testcase classname="heroku.system.navigate.NavigateTests" name="navFromRegisterToHomePageTest" time="1.122"/>
  <testcase classname="heroku.system.visual.ImageVisibleTest" name="homePageContainsLogoTest" time="1.285"/>
  <testcase classname="heroku.system.visual.ImageVisibleTest" name="registerPageContainsLogoTest" time="0.743"/>
  <testcase classname="heroku.system.visual.ImageVisibleTest" name="spelersPageContainsLogoTest" time="0.604"/>
</testsuite> <!-- Surefire test -->
