<!DOCTYPE html PUBLIC "-//W3C//DTD XHTML 1.1//EN" "https://www.w3.org/TR/xhtml11/DTD/xhtml11.dtd">
<html xmlns="https://www.w3.org/1999/xhtml">
<head>
<meta http-equiv="content-type" content="text/html; charset=UTF-8"/>
<title>TestNG Report</title>
<style type="text/css">table {margin-bottom:10px;border-collapse:collapse;empty-cells:show}th,td {border:1px solid #009;padding:.25em .5em}th {vertical-align:bottom}td {vertical-align:top}table a {font-weight:bold}.stripe td {background-color: #E6EBF9}.num {text-align:right}.passedodd td {background-color: #3F3}.passedeven td {background-color: #0A0}.skippedodd td {background-color: #DDD}.skippedeven td {background-color: #CCC}.failedodd td,.attn {background-color: #F33}.failedeven td,.stripe .attn {background-color: #D00}.stacktrace {white-space:pre;font-family:monospace}.totop {font-size:85%;text-align:center;border-bottom:2px solid #000}.invisible {display:none}</style>
</head>
<body>
<table>
<tr><th>Test</th><th># Passed</th><th># Skipped</th><th># Retried</th><th># Failed</th><th>Time (ms)</th><th>Included Groups</th><th>Excluded Groups</th></tr>
<tr><th colspan="8">Surefire suite</th></tr>
<tr><td><a href="#t0">Surefire test</a></td><td class="num">11</td><td class="num">0</td><td class="num">0</td><td class="num attn">4</td><td class="num">115.976</td><td></td><td></td></tr>
</table>
<table id='summary'><thead><tr><th>Class</th><th>Method</th><th>Start</th><th>Time (ms)</th></tr></thead><tbody><tr><th colspan="4">Surefire suite</th></tr></tbody><tbody id="t0"><tr><th colspan="4">Surefire test &#8212; failed</th></tr><tr class="failedeven"><td rowspan="4">heroku.checkbox.SpelerslijstTest</td><td><a href="#m0">checkAanvallersTest</a></td><td rowspan="1">1671178461744</td><td rowspan="1">1128</td></tr><tr class="failedeven"><td><a href="#m1">checkKeepersTest</a></td><td rowspan="1">1671178467996</td><td rowspan="1">1229</td></tr><tr class="failedeven"><td><a href="#m2">checkMiddenveldersTest</a></td><td rowspan="1">1671178474441</td><td rowspan="1">1702</td></tr><tr class="failedeven"><td><a href="#m3">checkVerdedigersTest</a></td><td rowspan="1">1671178480724</td><td rowspan="1">1280</td></tr><tr><th colspan="4">Surefire test &#8212; passed</th></tr><tr class="passedeven"><td rowspan="1">heroku.api.ApiPlayerFirstNameTest</td><td><a href="#m4">APIGivesCorrectDataFirstNamePlayer</a></td><td rowspan="1">1671178426403</td><td rowspan="1">8173</td></tr><tr class="passedodd"><td rowspan="1">heroku.api.ApiPlayerLastNameTest</td><td><a href="#m5">APIGivesCorrectDataLastNamePlayer</a></td><td rowspan="1">1671178440107</td><td rowspan="1">4908</td></tr><tr class="passedeven"><td rowspan="1">heroku.api.ApiPlayerPositionTest</td><td><a href="#m6">getPlayerPosition</a></td><td rowspan="1">1671178451669</td><td rowspan="1">4391</td></tr><tr class="passedodd"><td rowspan="1">heroku.checkbox.SpelerslijstTest</td><td><a href="#m7">nothingCheckedReturnsAllPlayersTest</a></td><td rowspan="1">1671178487426</td><td rowspan="1">1049</td></tr><tr class="passedeven"><td rowspan="4">heroku.system.navigate.NavigateTests</td><td><a href="#m8">navFromHomeToRegisterPageTest</a></td><td rowspan="1">1671178493193</td><td rowspan="1">1046</td></tr><tr class="passedeven"><td><a href="#m9">navFromHomeToSpelersPageTest</a></td><td rowspan="1">1671178499374</td><td rowspan="1">432</td></tr><tr class="passedeven"><td><a href="#m10">navFromHomeToSpelersPageToDetailPageSpelerTest</a></td><td rowspan="1">1671178504401</td><td rowspan="1">5240</td></tr><tr class="passedeven"><td><a href="#m11">navFromRegisterToHomePageTest</a></td><td rowspan="1">1671178515169</td><td rowspan="1">1122</td></tr><tr class="passedodd"><td rowspan="3">heroku.system.visual.ImageVisibleTest</td><td><a href="#m12">homePageContainsLogoTest</a></td><td rowspan="1">1671178521222</td><td rowspan="1">1285</td></tr><tr class="passedodd"><td><a href="#m13">registerPageContainsLogoTest</a></td><td rowspan="1">1671178527599</td><td rowspan="1">743</td></tr><tr class="passedodd"><td><a href="#m14">spelersPageContainsLogoTest</a></td><td rowspan="1">1671178532989</td><td rowspan="1">604</td></tr></tbody>
</table>
<h2>Surefire test</h2><h3 id="m0">heroku.checkbox.SpelerslijstTest#checkAanvallersTest</h3><table class="result"><tr><th>Exception</th></tr><tr><td><div class="stacktrace">java.lang.IllegalArgumentException: Locator must be set
	at org.openqa.selenium.internal.Require.nonNull(Require.java:59)
	at org.openqa.selenium.remote.RemoteWebDriver.findElement(RemoteWebDriver.java:355)
	at org.openqa.selenium.support.ui.ExpectedConditions$7.apply(ExpectedConditions.java:197)
	at org.openqa.selenium.support.ui.ExpectedConditions$7.apply(ExpectedConditions.java:193)
	at org.openqa.selenium.support.ui.ExpectedConditions$22.apply(ExpectedConditions.java:631)
	at org.openqa.selenium.support.ui.ExpectedConditions$22.apply(ExpectedConditions.java:628)
	at org.openqa.selenium.support.ui.FluentWait.until(FluentWait.java:208)
	at heroku.web.pageObjects.SpelersPage.ClickAanvallerCheckBox(SpelersPage.java:34)
	at heroku.checkbox.SpelerslijstTest.checkAanvallersTest(SpelerslijstTest.java:13)
	at java.base/java.util.ArrayList.forEach(ArrayList.java:1511)
... Removed 30 stack frames</div></td></tr></table><p class="totop"><a href="#summary">back to summary</a></p>
<h3 id="m1">heroku.checkbox.SpelerslijstTest#checkKeepersTest</h3><table class="result"><tr><th>Exception</th></tr><tr><td><div class="stacktrace">java.lang.IllegalArgumentException: Locator must be set
	at org.openqa.selenium.internal.Require.nonNull(Require.java:59)
	at org.openqa.selenium.remote.RemoteWebDriver.findElement(RemoteWebDriver.java:355)
	at org.openqa.selenium.support.ui.ExpectedConditions$7.apply(ExpectedConditions.java:197)
	at org.openqa.selenium.support.ui.ExpectedConditions$7.apply(ExpectedConditions.java:193)
	at org.openqa.selenium.support.ui.ExpectedConditions$22.apply(ExpectedConditions.java:631)
	at org.openqa.selenium.support.ui.ExpectedConditions$22.apply(ExpectedConditions.java:628)
	at org.openqa.selenium.support.ui.FluentWait.until(FluentWait.java:208)
	at heroku.web.pageObjects.SpelersPage.ClickKeeperCheckBox(SpelersPage.java:61)
	at heroku.checkbox.SpelerslijstTest.checkKeepersTest(SpelerslijstTest.java:31)
	at java.base/java.util.ArrayList.forEach(ArrayList.java:1511)
... Removed 30 stack frames</div></td></tr></table><p class="totop"><a href="#summary">back to summary</a></p>
<h3 id="m2">heroku.checkbox.SpelerslijstTest#checkMiddenveldersTest</h3><table class="result"><tr><th>Exception</th></tr><tr><td><div class="stacktrace">java.lang.IllegalArgumentException: Locator must be set
	at org.openqa.selenium.internal.Require.nonNull(Require.java:59)
	at org.openqa.selenium.remote.RemoteWebDriver.findElement(RemoteWebDriver.java:355)
	at org.openqa.selenium.support.ui.ExpectedConditions$7.apply(ExpectedConditions.java:197)
	at org.openqa.selenium.support.ui.ExpectedConditions$7.apply(ExpectedConditions.java:193)
	at org.openqa.selenium.support.ui.ExpectedConditions$22.apply(ExpectedConditions.java:631)
	at org.openqa.selenium.support.ui.ExpectedConditions$22.apply(ExpectedConditions.java:628)
	at org.openqa.selenium.support.ui.FluentWait.until(FluentWait.java:208)
	at heroku.web.pageObjects.SpelersPage.ClickMiddenvelderCheckBox(SpelersPage.java:43)
	at heroku.checkbox.SpelerslijstTest.checkMiddenveldersTest(SpelerslijstTest.java:19)
	at java.base/java.util.ArrayList.forEach(ArrayList.java:1511)
... Removed 30 stack frames</div></td></tr></table><p class="totop"><a href="#summary">back to summary</a></p>
<h3 id="m3">heroku.checkbox.SpelerslijstTest#checkVerdedigersTest</h3><table class="result"><tr><th>Exception</th></tr><tr><td><div class="stacktrace">java.lang.IllegalArgumentException: Locator must be set
	at org.openqa.selenium.internal.Require.nonNull(Require.java:59)
	at org.openqa.selenium.remote.RemoteWebDriver.findElement(RemoteWebDriver.java:355)
	at org.openqa.selenium.support.ui.ExpectedConditions$7.apply(ExpectedConditions.java:197)
	at org.openqa.selenium.support.ui.ExpectedConditions$7.apply(ExpectedConditions.java:193)
	at org.openqa.selenium.support.ui.ExpectedConditions$22.apply(ExpectedConditions.java:631)
	at org.openqa.selenium.support.ui.ExpectedConditions$22.apply(ExpectedConditions.java:628)
	at org.openqa.selenium.support.ui.FluentWait.until(FluentWait.java:208)
	at heroku.web.pageObjects.SpelersPage.ClickVerdedigerCheckBox(SpelersPage.java:52)
	at heroku.checkbox.SpelerslijstTest.checkVerdedigersTest(SpelerslijstTest.java:25)
	at java.base/java.util.ArrayList.forEach(ArrayList.java:1511)
... Removed 30 stack frames</div></td></tr></table><p class="totop"><a href="#summary">back to summary</a></p>
<h3 id="m4">heroku.api.ApiPlayerFirstNameTest#APIGivesCorrectDataFirstNamePlayer</h3><table class="result"><tr><th class="invisible"/></tr></table><p class="totop"><a href="#summary">back to summary</a></p>
<h3 id="m5">heroku.api.ApiPlayerLastNameTest#APIGivesCorrectDataLastNamePlayer</h3><table class="result"><tr><th class="invisible"/></tr></table><p class="totop"><a href="#summary">back to summary</a></p>
<h3 id="m6">heroku.api.ApiPlayerPositionTest#getPlayerPosition</h3><table class="result"><tr><th class="invisible"/></tr></table><p class="totop"><a href="#summary">back to summary</a></p>
<h3 id="m7">heroku.checkbox.SpelerslijstTest#nothingCheckedReturnsAllPlayersTest</h3><table class="result"><tr><th class="invisible"/></tr></table><p class="totop"><a href="#summary">back to summary</a></p>
<h3 id="m8">heroku.system.navigate.NavigateTests#navFromHomeToRegisterPageTest</h3><table class="result"><tr><th class="invisible"/></tr></table><p class="totop"><a href="#summary">back to summary</a></p>
<h3 id="m9">heroku.system.navigate.NavigateTests#navFromHomeToSpelersPageTest</h3><table class="result"><tr><th class="invisible"/></tr></table><p class="totop"><a href="#summary">back to summary</a></p>
<h3 id="m10">heroku.system.navigate.NavigateTests#navFromHomeToSpelersPageToDetailPageSpelerTest</h3><table class="result"><tr><th class="invisible"/></tr></table><p class="totop"><a href="#summary">back to summary</a></p>
<h3 id="m11">heroku.system.navigate.NavigateTests#navFromRegisterToHomePageTest</h3><table class="result"><tr><th class="invisible"/></tr></table><p class="totop"><a href="#summary">back to summary</a></p>
<h3 id="m12">heroku.system.visual.ImageVisibleTest#homePageContainsLogoTest</h3><table class="result"><tr><th class="invisible"/></tr></table><p class="totop"><a href="#summary">back to summary</a></p>
<h3 id="m13">heroku.system.visual.ImageVisibleTest#registerPageContainsLogoTest</h3><table class="result"><tr><th class="invisible"/></tr></table><p class="totop"><a href="#summary">back to summary</a></p>
<h3 id="m14">heroku.system.visual.ImageVisibleTest#spelersPageContainsLogoTest</h3><table class="result"><tr><th class="invisible"/></tr></table><p class="totop"><a href="#summary">back to summary</a></p>
</body>
</html>
